{"/home/user/BeerFlow/backend/src/app.controller.ts": {"path":"/home/user/BeerFlow/backend/src/app.controller.ts","statementMap":{"0":{"start":{"line":1,"column":0},"end":{"line":1,"column":49}},"1":{"start":{"line":2,"column":0},"end":{"line":2,"column":43}},"2":{"start":{"line":5,"column":7},"end":{"line":12,"column":null}},"3":{"start":{"line":6,"column":31},"end":{"line":6,"column":43}},"4":{"start":{"line":10,"column":4},"end":{"line":10,"column":38}},"5":{"start":{"line":5,"column":13},"end":{"line":5,"column":26}},"6":{"start":{"line":9,"column":2},"end":{"line":11,"column":null}},"7":{"start":{"line":5,"column":13},"end":{"line":12,"column":null}}},"fnMap":{"0":{"name":"(anonymous_2)","decl":{"start":{"line":6,"column":2},"end":{"line":6,"column":31}},"loc":{"start":{"line":6,"column":53},"end":{"line":6,"column":57}}},"1":{"name":"(anonymous_3)","decl":{"start":{"line":9,"column":2},"end":{"line":9,"column":10}},"loc":{"start":{"line":9,"column":10},"end":{"line":11,"column":3}}}},"branchMap":{"0":{"loc":{"start":{"line":6,"column":43},"end":{"line":6,"column":56}},"type":"cond-expr","locations":[{"start":{"line":6,"column":53},"end":{"line":6,"column":56}},{"start":{"line":6,"column":53},"end":{"line":6,"column":56}}]},"1":{"loc":{"start":{"line":6,"column":43},"end":{"line":6,"column":53}},"type":"binary-expr","locations":[{"start":{"line":6,"column":43},"end":{"line":6,"column":56}},{"start":{"line":6,"column":43},"end":{"line":6,"column":53}}]}},"s":{"0":1,"1":1,"2":1,"3":1,"4":1,"5":1,"6":1,"7":1},"f":{"0":1,"1":1},"b":{"0":[1,0],"1":[1,1]}}
,"/home/user/BeerFlow/backend/src/app.module.ts": {"path":"/home/user/BeerFlow/backend/src/app.module.ts","statementMap":{"0":{"start":{"line":1,"column":0},"end":{"line":1,"column":40}},"1":{"start":{"line":2,"column":0},"end":{"line":2,"column":46}},"2":{"start":{"line":3,"column":0},"end":{"line":3,"column":60}},"3":{"start":{"line":4,"column":0},"end":{"line":4,"column":54}},"4":{"start":{"line":5,"column":0},"end":{"line":5,"column":51}},"5":{"start":{"line":6,"column":0},"end":{"line":6,"column":48}},"6":{"start":{"line":20,"column":7},"end":{"line":20,"column":null}},"7":{"start":{"line":20,"column":13},"end":{"line":20,"column":22}},"8":{"start":{"line":20,"column":13},"end":{"line":20,"column":null}}},"fnMap":{},"branchMap":{},"s":{"0":0,"1":0,"2":0,"3":0,"4":0,"5":0,"6":0,"7":0,"8":0},"f":{},"b":{}}
,"/home/user/BeerFlow/backend/src/app.service.ts": {"path":"/home/user/BeerFlow/backend/src/app.service.ts","statementMap":{"0":{"start":{"line":1,"column":0},"end":{"line":1,"column":44}},"1":{"start":{"line":4,"column":7},"end":{"line":8,"column":null}},"2":{"start":{"line":6,"column":4},"end":{"line":6,"column":26}},"3":{"start":{"line":4,"column":13},"end":{"line":4,"column":23}},"4":{"start":{"line":4,"column":13},"end":{"line":8,"column":null}}},"fnMap":{"0":{"name":"(anonymous_1)","decl":{"start":{"line":5,"column":2},"end":{"line":5,"column":10}},"loc":{"start":{"line":5,"column":10},"end":{"line":7,"column":3}}}},"branchMap":{},"s":{"0":1,"1":1,"2":1,"3":1,"4":1},"f":{"0":1},"b":{}}
,"/home/user/BeerFlow/backend/src/main.ts": {"path":"/home/user/BeerFlow/backend/src/main.ts","statementMap":{"0":{"start":{"line":1,"column":0},"end":{"line":1,"column":43}},"1":{"start":{"line":2,"column":0},"end":{"line":2,"column":48}},"2":{"start":{"line":3,"column":0},"end":{"line":3,"column":65}},"3":{"start":{"line":4,"column":0},"end":{"line":4,"column":47}},"4":{"start":{"line":5,"column":0},"end":{"line":5,"column":41}},"5":{"start":{"line":8,"column":14},"end":{"line":8,"column":49}},"6":{"start":{"line":9,"column":24},"end":{"line":9,"column":46}},"7":{"start":{"line":12,"column":2},"end":{"line":18,"column":4}},"8":{"start":{"line":21,"column":2},"end":{"line":24,"column":5}},"9":{"start":{"line":27,"column":2},"end":{"line":27,"column":32}},"10":{"start":{"line":30,"column":17},"end":{"line":38,"column":12}},"11":{"start":{"line":40,"column":19},"end":{"line":40,"column":60}},"12":{"start":{"line":41,"column":2},"end":{"line":41,"column":49}},"13":{"start":{"line":43,"column":15},"end":{"line":43,"column":48}},"14":{"start":{"line":44,"column":2},"end":{"line":44,"column":25}},"15":{"start":{"line":46,"column":2},"end":{"line":46,"column":73}},"16":{"start":{"line":47,"column":2},"end":{"line":47,"column":81}},"17":{"start":{"line":49,"column":0},"end":{"line":49,"column":12}}},"fnMap":{"0":{"name":"bootstrap","decl":{"start":{"line":7,"column":15},"end":{"line":7,"column":24}},"loc":{"start":{"line":7,"column":24},"end":{"line":48,"column":1}}}},"branchMap":{"0":{"loc":{"start":{"line":43,"column":15},"end":{"line":43,"column":48}},"type":"binary-expr","locations":[{"start":{"line":43,"column":15},"end":{"line":43,"column":40}},{"start":{"line":43,"column":44},"end":{"line":43,"column":48}}]}},"s":{"0":0,"1":0,"2":0,"3":0,"4":0,"5":0,"6":0,"7":0,"8":0,"9":0,"10":0,"11":0,"12":0,"13":0,"14":0,"15":0,"16":0,"17":0},"f":{"0":0},"b":{"0":[0,0]}}
,"/home/user/BeerFlow/backend/src/auth/auth.controller.ts": {"path":"/home/user/BeerFlow/backend/src/auth/auth.controller.ts","statementMap":{"0":{"start":{"line":1,"column":0},"end":{"line":1,"column":null}},"1":{"start":{"line":9,"column":0},"end":{"line":9,"column":84}},"2":{"start":{"line":10,"column":0},"end":{"line":10,"column":45}},"3":{"start":{"line":11,"column":0},"end":{"line":11,"column":67}},"4":{"start":{"line":12,"column":0},"end":{"line":12,"column":63}},"5":{"start":{"line":13,"column":0},"end":{"line":13,"column":43}},"6":{"start":{"line":14,"column":0},"end":{"line":14,"column":74}},"7":{"start":{"line":15,"column":0},"end":{"line":15,"column":56}},"8":{"start":{"line":19,"column":7},"end":{"line":40,"column":null}},"9":{"start":{"line":20,"column":31},"end":{"line":20,"column":44}},"10":{"start":{"line":28,"column":4},"end":{"line":28,"column":44}},"11":{"start":{"line":37,"column":41},"end":{"line":37,"column":45}},"12":{"start":{"line":38,"column":4},"end":{"line":38,"column":18}},"13":{"start":{"line":19,"column":13},"end":{"line":19,"column":27}},"14":{"start":{"line":27,"column":8},"end":{"line":29,"column":null}},"15":{"start":{"line":36,"column":2},"end":{"line":39,"column":null}},"16":{"start":{"line":19,"column":13},"end":{"line":40,"column":null}}},"fnMap":{"0":{"name":"(anonymous_4)","decl":{"start":{"line":20,"column":2},"end":{"line":20,"column":31}},"loc":{"start":{"line":20,"column":55},"end":{"line":20,"column":59}}},"1":{"name":"(anonymous_5)","decl":{"start":{"line":27,"column":8},"end":{"line":27,"column":13}},"loc":{"start":{"line":27,"column":56},"end":{"line":29,"column":3}}},"2":{"name":"(anonymous_6)","decl":{"start":{"line":36,"column":2},"end":{"line":36,"column":12}},"loc":{"start":{"line":36,"column":38},"end":{"line":39,"column":3}}}},"branchMap":{"0":{"loc":{"start":{"line":27,"column":32},"end":{"line":27,"column":43}},"type":"cond-expr","locations":[{"start":{"line":27,"column":40},"end":{"line":27,"column":43}},{"start":{"line":27,"column":40},"end":{"line":27,"column":43}}]},"1":{"loc":{"start":{"line":27,"column":32},"end":{"line":27,"column":40}},"type":"binary-expr","locations":[{"start":{"line":27,"column":32},"end":{"line":27,"column":43}},{"start":{"line":27,"column":32},"end":{"line":27,"column":40}}]},"2":{"loc":{"start":{"line":36,"column":34},"end":{"line":36,"column":null}},"type":"cond-expr","locations":[{"start":{"line":36,"column":38},"end":{"line":36,"column":null}},{"start":{"line":36,"column":38},"end":{"line":36,"column":null}}]},"3":{"loc":{"start":{"line":36,"column":34},"end":{"line":36,"column":38}},"type":"binary-expr","locations":[{"start":{"line":36,"column":34},"end":{"line":36,"column":null}},{"start":{"line":36,"column":34},"end":{"line":36,"column":38}}]},"4":{"loc":{"start":{"line":20,"column":44},"end":{"line":20,"column":58}},"type":"cond-expr","locations":[{"start":{"line":20,"column":55},"end":{"line":20,"column":58}},{"start":{"line":20,"column":55},"end":{"line":20,"column":58}}]},"5":{"loc":{"start":{"line":20,"column":44},"end":{"line":20,"column":55}},"type":"binary-expr","locations":[{"start":{"line":20,"column":44},"end":{"line":20,"column":58}},{"start":{"line":20,"column":44},"end":{"line":20,"column":55}}]}},"s":{"0":4,"1":4,"2":4,"3":4,"4":4,"5":4,"6":4,"7":4,"8":4,"9":0,"10":0,"11":0,"12":0,"13":4,"14":4,"15":4,"16":4},"f":{"0":0,"1":0,"2":0},"b":{"0":[4,0],"1":[4,4],"2":[4,0],"3":[4,4],"4":[4,0],"5":[4,4]}}
,"/home/user/BeerFlow/backend/src/auth/auth.module.ts": {"path":"/home/user/BeerFlow/backend/src/auth/auth.module.ts","statementMap":{"0":{"start":{"line":1,"column":0},"end":{"line":1,"column":40}},"1":{"start":{"line":2,"column":0},"end":{"line":2,"column":40}},"2":{"start":{"line":3,"column":0},"end":{"line":3,"column":50}},"3":{"start":{"line":4,"column":0},"end":{"line":4,"column":61}},"4":{"start":{"line":5,"column":0},"end":{"line":5,"column":51}},"5":{"start":{"line":6,"column":0},"end":{"line":6,"column":45}},"6":{"start":{"line":7,"column":0},"end":{"line":7,"column":52}},"7":{"start":{"line":8,"column":0},"end":{"line":8,"column":60}},"8":{"start":{"line":9,"column":0},"end":{"line":9,"column":56}},"9":{"start":{"line":10,"column":0},"end":{"line":10,"column":52}},"10":{"start":{"line":26,"column":7},"end":{"line":26,"column":null}},"11":{"start":{"line":26,"column":13},"end":{"line":26,"column":23}},"12":{"start":{"line":26,"column":13},"end":{"line":26,"column":null}},"13":{"start":{"line":17,"column":52},"end":{"line":17,"column":79}}},"fnMap":{"0":{"name":"(anonymous_1)","decl":{"start":{"line":17,"column":18},"end":{"line":17,"column":19}},"loc":{"start":{"line":17,"column":52},"end":{"line":17,"column":79}}}},"branchMap":{},"s":{"0":4,"1":4,"2":4,"3":4,"4":4,"5":4,"6":4,"7":4,"8":4,"9":4,"10":4,"11":4,"12":4,"13":4},"f":{"0":4},"b":{}}
,"/home/user/BeerFlow/backend/src/auth/auth.service.ts": {"path":"/home/user/BeerFlow/backend/src/auth/auth.service.ts","statementMap":{"0":{"start":{"line":1,"column":0},"end":{"line":1,"column":67}},"1":{"start":{"line":2,"column":0},"end":{"line":2,"column":41}},"2":{"start":{"line":3,"column":0},"end":{"line":3,"column":54}},"3":{"start":{"line":5,"column":0},"end":{"line":5,"column":33}},"4":{"start":{"line":29,"column":7},"end":{"line":81,"column":null}},"5":{"start":{"line":31,"column":21},"end":{"line":31,"column":35}},"6":{"start":{"line":32,"column":21},"end":{"line":32,"column":33}},"7":{"start":{"line":36,"column":17},"end":{"line":36,"column":59}},"8":{"start":{"line":38,"column":4},"end":{"line":42,"column":5}},"9":{"start":{"line":40,"column":6},"end":{"line":40,"column":55}},"10":{"start":{"line":41,"column":6},"end":{"line":41,"column":18}},"11":{"start":{"line":44,"column":4},"end":{"line":44,"column":16}},"12":{"start":{"line":48,"column":32},"end":{"line":54,"column":6}},"13":{"start":{"line":56,"column":25},"end":{"line":56,"column":54}},"14":{"start":{"line":58,"column":4},"end":{"line":69,"column":6}},"15":{"start":{"line":73,"column":17},"end":{"line":73,"column":61}},"16":{"start":{"line":75,"column":4},"end":{"line":77,"column":5}},"17":{"start":{"line":76,"column":6},"end":{"line":76,"column":55}},"18":{"start":{"line":79,"column":4},"end":{"line":79,"column":16}},"19":{"start":{"line":29,"column":13},"end":{"line":29,"column":24}},"20":{"start":{"line":29,"column":13},"end":{"line":81,"column":null}}},"fnMap":{"0":{"name":"(anonymous_11)","decl":{"start":{"line":30,"column":2},"end":{"line":30,"column":null}},"loc":{"start":{"line":32,"column":43},"end":{"line":33,"column":6}}},"1":{"name":"(anonymous_12)","decl":{"start":{"line":35,"column":2},"end":{"line":35,"column":7}},"loc":{"start":{"line":35,"column":52},"end":{"line":45,"column":3}}},"2":{"name":"(anonymous_13)","decl":{"start":{"line":47,"column":2},"end":{"line":47,"column":7}},"loc":{"start":{"line":47,"column":24},"end":{"line":70,"column":3}}},"3":{"name":"(anonymous_14)","decl":{"start":{"line":72,"column":2},"end":{"line":72,"column":7}},"loc":{"start":{"line":72,"column":41},"end":{"line":80,"column":3}}}},"branchMap":{"0":{"loc":{"start":{"line":38,"column":4},"end":{"line":42,"column":5}},"type":"if","locations":[{"start":{"line":38,"column":4},"end":{"line":42,"column":5}},{"start":{},"end":{}}]},"1":{"loc":{"start":{"line":38,"column":8},"end":{"line":38,"column":81}},"type":"binary-expr","locations":[{"start":{"line":38,"column":8},"end":{"line":38,"column":12}},{"start":{"line":38,"column":16},"end":{"line":38,"column":27}},{"start":{"line":38,"column":31},"end":{"line":38,"column":81}}]},"2":{"loc":{"start":{"line":75,"column":4},"end":{"line":77,"column":5}},"type":"if","locations":[{"start":{"line":75,"column":4},"end":{"line":77,"column":5}},{"start":{},"end":{}}]},"3":{"loc":{"start":{"line":75,"column":8},"end":{"line":75,"column":29}},"type":"binary-expr","locations":[{"start":{"line":75,"column":8},"end":{"line":75,"column":13}},{"start":{"line":75,"column":17},"end":{"line":75,"column":29}}]},"4":{"loc":{"start":{"line":31,"column":35},"end":{"line":31,"column":null}},"type":"cond-expr","locations":[{"start":{"line":31,"column":47},"end":{"line":31,"column":null}},{"start":{"line":31,"column":47},"end":{"line":31,"column":null}}]},"5":{"loc":{"start":{"line":31,"column":35},"end":{"line":31,"column":47}},"type":"binary-expr","locations":[{"start":{"line":31,"column":35},"end":{"line":31,"column":null}},{"start":{"line":31,"column":35},"end":{"line":31,"column":47}}]},"6":{"loc":{"start":{"line":31,"column":47},"end":{"line":32,"column":null}},"type":"cond-expr","locations":[{"start":{"line":32,"column":43},"end":{"line":32,"column":null}},{"start":{"line":32,"column":43},"end":{"line":32,"column":null}}]},"7":{"loc":{"start":{"line":31,"column":47},"end":{"line":32,"column":43}},"type":"binary-expr","locations":[{"start":{"line":31,"column":47},"end":{"line":32,"column":null}},{"start":{"line":32,"column":33},"end":{"line":32,"column":43}}]}},"s":{"0":5,"1":5,"2":5,"3":5,"4":5,"5":8,"6":8,"7":4,"8":4,"9":1,"10":1,"11":3,"12":1,"13":1,"14":1,"15":3,"16":3,"17":2,"18":1,"19":5,"20":5},"f":{"0":8,"1":4,"2":1,"3":3},"b":{"0":[1,3],"1":[4,3,2],"2":[2,1],"3":[3,2],"4":[5,0],"5":[5,5],"6":[5,0],"7":[5,5]}}
,"/home/user/BeerFlow/backend/src/auth/dto/login.dto.ts": {"path":"/home/user/BeerFlow/backend/src/auth/dto/login.dto.ts","statementMap":{"0":{"start":{"line":1,"column":0},"end":{"line":1,"column":46}},"1":{"start":{"line":2,"column":0},"end":{"line":2,"column":64}},"2":{"start":{"line":4,"column":0},"end":{"line":4,"column":13}},"3":{"start":{"line":8,"column":2},"end":{"line":8,"column":null}},"4":{"start":{"line":13,"column":2},"end":{"line":13,"column":null}}},"fnMap":{},"branchMap":{},"s":{"0":4,"1":4,"2":4,"3":4,"4":4},"f":{},"b":{}}
,"/home/user/BeerFlow/backend/src/auth/dto/register.dto.ts": {"path":"/home/user/BeerFlow/backend/src/auth/dto/register.dto.ts","statementMap":{"0":{"start":{"line":1,"column":0},"end":{"line":1,"column":46}},"1":{"start":{"line":2,"column":0},"end":{"line":2,"column":83}},"2":{"start":{"line":4,"column":0},"end":{"line":4,"column":13}},"3":{"start":{"line":8,"column":2},"end":{"line":8,"column":null}},"4":{"start":{"line":13,"column":2},"end":{"line":13,"column":null}},"5":{"start":{"line":19,"column":2},"end":{"line":19,"column":null}},"6":{"start":{"line":24,"column":2},"end":{"line":24,"column":null}}},"fnMap":{},"branchMap":{},"s":{"0":0,"1":0,"2":0,"3":0,"4":0,"5":0,"6":0},"f":{},"b":{}}
,"/home/user/BeerFlow/backend/src/auth/strategies/jwt.strategy.ts": {"path":"/home/user/BeerFlow/backend/src/auth/strategies/jwt.strategy.ts","statementMap":{"0":{"start":{"line":1,"column":0},"end":{"line":1,"column":52}},"1":{"start":{"line":2,"column":0},"end":{"line":2,"column":52}},"2":{"start":{"line":3,"column":0},"end":{"line":3,"column":67}},"3":{"start":{"line":4,"column":0},"end":{"line":4,"column":47}},"4":{"start":{"line":5,"column":0},"end":{"line":5,"column":58}},"5":{"start":{"line":8,"column":7},"end":{"line":28,"column":null}},"6":{"start":{"line":13,"column":4},"end":{"line":17,"column":7}},"7":{"start":{"line":10,"column":21},"end":{"line":10,"column":36}},"8":{"start":{"line":11,"column":21},"end":{"line":11,"column":34}},"9":{"start":{"line":21,"column":4},"end":{"line":26,"column":5}},"10":{"start":{"line":22,"column":19},"end":{"line":22,"column":64}},"11":{"start":{"line":23,"column":6},"end":{"line":23,"column":18}},"12":{"start":{"line":25,"column":6},"end":{"line":25,"column":55}},"13":{"start":{"line":8,"column":13},"end":{"line":8,"column":24}},"14":{"start":{"line":8,"column":13},"end":{"line":28,"column":null}}},"fnMap":{"0":{"name":"(anonymous_2)","decl":{"start":{"line":9,"column":2},"end":{"line":9,"column":null}},"loc":{"start":{"line":11,"column":45},"end":{"line":18,"column":3}}},"1":{"name":"(anonymous_3)","decl":{"start":{"line":20,"column":2},"end":{"line":20,"column":7}},"loc":{"start":{"line":20,"column":36},"end":{"line":27,"column":3}}}},"branchMap":{"0":{"loc":{"start":{"line":16,"column":19},"end":{"line":16,"column":78}},"type":"binary-expr","locations":[{"start":{"line":16,"column":19},"end":{"line":16,"column":58}},{"start":{"line":16,"column":62},"end":{"line":16,"column":78}}]},"1":{"loc":{"start":{"line":10,"column":36},"end":{"line":10,"column":null}},"type":"cond-expr","locations":[{"start":{"line":10,"column":49},"end":{"line":10,"column":null}},{"start":{"line":10,"column":49},"end":{"line":10,"column":null}}]},"2":{"loc":{"start":{"line":10,"column":36},"end":{"line":10,"column":49}},"type":"binary-expr","locations":[{"start":{"line":10,"column":36},"end":{"line":10,"column":null}},{"start":{"line":10,"column":36},"end":{"line":10,"column":49}}]},"3":{"loc":{"start":{"line":10,"column":49},"end":{"line":11,"column":null}},"type":"cond-expr","locations":[{"start":{"line":11,"column":45},"end":{"line":11,"column":null}},{"start":{"line":11,"column":45},"end":{"line":11,"column":null}}]},"4":{"loc":{"start":{"line":10,"column":49},"end":{"line":11,"column":45}},"type":"binary-expr","locations":[{"start":{"line":10,"column":49},"end":{"line":11,"column":null}},{"start":{"line":11,"column":34},"end":{"line":11,"column":45}}]}},"s":{"0":4,"1":4,"2":4,"3":4,"4":4,"5":4,"6":0,"7":0,"8":0,"9":0,"10":0,"11":0,"12":0,"13":4,"14":4},"f":{"0":0,"1":0},"b":{"0":[0,0],"1":[4,0],"2":[4,4],"3":[4,0],"4":[4,4]}}
,"/home/user/BeerFlow/backend/src/auth/strategies/local.strategy.ts": {"path":"/home/user/BeerFlow/backend/src/auth/strategies/local.strategy.ts","statementMap":{"0":{"start":{"line":1,"column":0},"end":{"line":1,"column":42}},"1":{"start":{"line":2,"column":0},"end":{"line":2,"column":52}},"2":{"start":{"line":3,"column":0},"end":{"line":3,"column":67}},"3":{"start":{"line":4,"column":0},"end":{"line":4,"column":46}},"4":{"start":{"line":7,"column":7},"end":{"line":22,"column":null}},"5":{"start":{"line":9,"column":4},"end":{"line":12,"column":7}},"6":{"start":{"line":8,"column":22},"end":{"line":8,"column":35}},"7":{"start":{"line":16,"column":17},"end":{"line":16,"column":69}},"8":{"start":{"line":17,"column":4},"end":{"line":19,"column":5}},"9":{"start":{"line":18,"column":6},"end":{"line":18,"column":61}},"10":{"start":{"line":20,"column":4},"end":{"line":20,"column":16}},"11":{"start":{"line":7,"column":13},"end":{"line":7,"column":26}},"12":{"start":{"line":7,"column":13},"end":{"line":22,"column":null}}},"fnMap":{"0":{"name":"(anonymous_2)","decl":{"start":{"line":8,"column":2},"end":{"line":8,"column":22}},"loc":{"start":{"line":8,"column":46},"end":{"line":13,"column":3}}},"1":{"name":"(anonymous_3)","decl":{"start":{"line":15,"column":2},"end":{"line":15,"column":7}},"loc":{"start":{"line":15,"column":48},"end":{"line":21,"column":3}}}},"branchMap":{"0":{"loc":{"start":{"line":17,"column":4},"end":{"line":19,"column":5}},"type":"if","locations":[{"start":{"line":17,"column":4},"end":{"line":19,"column":5}},{"start":{},"end":{}}]},"1":{"loc":{"start":{"line":8,"column":35},"end":{"line":8,"column":null}},"type":"cond-expr","locations":[{"start":{"line":8,"column":46},"end":{"line":8,"column":null}},{"start":{"line":8,"column":46},"end":{"line":8,"column":null}}]},"2":{"loc":{"start":{"line":8,"column":35},"end":{"line":8,"column":46}},"type":"binary-expr","locations":[{"start":{"line":8,"column":35},"end":{"line":8,"column":null}},{"start":{"line":8,"column":35},"end":{"line":8,"column":46}}]}},"s":{"0":4,"1":4,"2":4,"3":4,"4":4,"5":0,"6":0,"7":0,"8":0,"9":0,"10":0,"11":4,"12":4},"f":{"0":0,"1":0},"b":{"0":[0,0],"1":[4,0],"2":[4,4]}}
,"/home/user/BeerFlow/backend/src/common/decorators/current-user.decorator.ts": {"path":"/home/user/BeerFlow/backend/src/common/decorators/current-user.decorator.ts","statementMap":{"0":{"start":{"line":1,"column":0},"end":{"line":1,"column":72}},"1":{"start":{"line":3,"column":13},"end":{"line":8,"column":2}},"2":{"start":{"line":5,"column":20},"end":{"line":5,"column":51}},"3":{"start":{"line":6,"column":4},"end":{"line":6,"column":24}}},"fnMap":{"0":{"name":"(anonymous_0)","decl":{"start":{"line":4,"column":2},"end":{"line":4,"column":3}},"loc":{"start":{"line":4,"column":43},"end":{"line":7,"column":3}}}},"branchMap":{},"s":{"0":4,"1":4,"2":0,"3":0},"f":{"0":0},"b":{}}
,"/home/user/BeerFlow/backend/src/common/decorators/roles.decorator.ts": {"path":"/home/user/BeerFlow/backend/src/common/decorators/roles.decorator.ts","statementMap":{"0":{"start":{"line":1,"column":0},"end":{"line":1,"column":45}},"1":{"start":{"line":4,"column":13},"end":{"line":4,"column":33}},"2":{"start":{"line":5,"column":21},"end":{"line":5,"column":76}},"3":{"start":{"line":5,"column":47},"end":{"line":5,"column":76}},"4":{"start":{"line":5,"column":13},"end":{"line":5,"column":21}}},"fnMap":{"0":{"name":"(anonymous_0)","decl":{"start":{"line":5,"column":21},"end":{"line":5,"column":22}},"loc":{"start":{"line":5,"column":47},"end":{"line":5,"column":76}}}},"branchMap":{},"s":{"0":4,"1":4,"2":4,"3":32,"4":4},"f":{"0":32},"b":{}}
,"/home/user/BeerFlow/backend/src/common/guards/jwt-auth.guard.ts": {"path":"/home/user/BeerFlow/backend/src/common/guards/jwt-auth.guard.ts","statementMap":{"0":{"start":{"line":1,"column":0},"end":{"line":1,"column":44}},"1":{"start":{"line":2,"column":0},"end":{"line":2,"column":45}},"2":{"start":{"line":5,"column":7},"end":{"line":5,"column":null}},"3":{"start":{"line":5,"column":13},"end":{"line":5,"column":25}},"4":{"start":{"line":5,"column":13},"end":{"line":5,"column":null}}},"fnMap":{},"branchMap":{},"s":{"0":4,"1":4,"2":4,"3":4,"4":4},"f":{},"b":{}}
,"/home/user/BeerFlow/backend/src/common/guards/local-auth.guard.ts": {"path":"/home/user/BeerFlow/backend/src/common/guards/local-auth.guard.ts","statementMap":{"0":{"start":{"line":1,"column":0},"end":{"line":1,"column":44}},"1":{"start":{"line":2,"column":0},"end":{"line":2,"column":45}},"2":{"start":{"line":5,"column":7},"end":{"line":5,"column":null}},"3":{"start":{"line":5,"column":13},"end":{"line":5,"column":27}},"4":{"start":{"line":5,"column":13},"end":{"line":5,"column":null}}},"fnMap":{},"branchMap":{},"s":{"0":4,"1":4,"2":4,"3":4,"4":4},"f":{},"b":{}}
,"/home/user/BeerFlow/backend/src/common/guards/roles.guard.ts": {"path":"/home/user/BeerFlow/backend/src/common/guards/roles.guard.ts","statementMap":{"0":{"start":{"line":1,"column":0},"end":{"line":1,"column":75}},"1":{"start":{"line":2,"column":0},"end":{"line":2,"column":41}},"2":{"start":{"line":4,"column":0},"end":{"line":4,"column":58}},"3":{"start":{"line":7,"column":7},"end":{"line":23,"column":null}},"4":{"start":{"line":8,"column":22},"end":{"line":8,"column":33}},"5":{"start":{"line":11,"column":26},"end":{"line":14,"column":6}},"6":{"start":{"line":16,"column":4},"end":{"line":18,"column":5}},"7":{"start":{"line":17,"column":6},"end":{"line":17,"column":18}},"8":{"start":{"line":20,"column":21},"end":{"line":20,"column":56}},"9":{"start":{"line":21,"column":4},"end":{"line":21,"column":60}},"10":{"start":{"line":21,"column":40},"end":{"line":21,"column":58}},"11":{"start":{"line":7,"column":13},"end":{"line":7,"column":23}},"12":{"start":{"line":7,"column":13},"end":{"line":23,"column":null}}},"fnMap":{"0":{"name":"(anonymous_2)","decl":{"start":{"line":8,"column":2},"end":{"line":8,"column":22}},"loc":{"start":{"line":8,"column":42},"end":{"line":8,"column":46}}},"1":{"name":"(anonymous_3)","decl":{"start":{"line":10,"column":2},"end":{"line":10,"column":13}},"loc":{"start":{"line":10,"column":39},"end":{"line":22,"column":3}}},"2":{"name":"(anonymous_4)","decl":{"start":{"line":21,"column":30},"end":{"line":21,"column":31}},"loc":{"start":{"line":21,"column":40},"end":{"line":21,"column":58}}}},"branchMap":{"0":{"loc":{"start":{"line":16,"column":4},"end":{"line":18,"column":5}},"type":"if","locations":[{"start":{"line":16,"column":4},"end":{"line":18,"column":5}},{"start":{},"end":{}}]},"1":{"loc":{"start":{"line":8,"column":33},"end":{"line":8,"column":45}},"type":"cond-expr","locations":[{"start":{"line":8,"column":42},"end":{"line":8,"column":45}},{"start":{"line":8,"column":42},"end":{"line":8,"column":45}}]},"2":{"loc":{"start":{"line":8,"column":33},"end":{"line":8,"column":42}},"type":"binary-expr","locations":[{"start":{"line":8,"column":33},"end":{"line":8,"column":45}},{"start":{"line":8,"column":33},"end":{"line":8,"column":42}}]}},"s":{"0":4,"1":4,"2":4,"3":4,"4":0,"5":0,"6":0,"7":0,"8":0,"9":0,"10":0,"11":4,"12":4},"f":{"0":0,"1":0,"2":0},"b":{"0":[0,0],"1":[4,0],"2":[4,4]}}
,"/home/user/BeerFlow/backend/src/config/database-test.config.ts": {"path":"/home/user/BeerFlow/backend/src/config/database-test.config.ts","statementMap":{"0":{"start":{"line":3,"column":37},"end":{"line":14,"column":2}},"1":{"start":{"line":3,"column":66},"end":{"line":14,"column":2}},"2":{"start":{"line":3,"column":13},"end":{"line":3,"column":37}}},"fnMap":{"0":{"name":"(anonymous_0)","decl":{"start":{"line":3,"column":37},"end":{"line":3,"column":62}},"loc":{"start":{"line":3,"column":66},"end":{"line":14,"column":2}}}},"branchMap":{},"s":{"0":4,"1":4,"2":4},"f":{"0":4},"b":{}}
,"/home/user/BeerFlow/backend/src/config/database.config.ts": {"path":"/home/user/BeerFlow/backend/src/config/database.config.ts","statementMap":{"0":{"start":{"line":4,"column":33},"end":{"line":15,"column":2}},"1":{"start":{"line":4,"column":90},"end":{"line":15,"column":2}},"2":{"start":{"line":4,"column":13},"end":{"line":4,"column":33}}},"fnMap":{"0":{"name":"(anonymous_0)","decl":{"start":{"line":4,"column":33},"end":{"line":4,"column":34}},"loc":{"start":{"line":4,"column":90},"end":{"line":15,"column":2}}}},"branchMap":{"0":{"loc":{"start":{"line":14,"column":7},"end":{"line":14,"column":93}},"type":"cond-expr","locations":[{"start":{"line":14,"column":56},"end":{"line":14,"column":85}},{"start":{"line":14,"column":88},"end":{"line":14,"column":93}}]}},"s":{"0":0,"1":0,"2":0},"f":{"0":0},"b":{"0":[0,0]}}
,"/home/user/BeerFlow/backend/src/config/jwt.config.ts": {"path":"/home/user/BeerFlow/backend/src/config/jwt.config.ts","statementMap":{"0":{"start":{"line":4,"column":28},"end":{"line":9,"column":2}},"1":{"start":{"line":4,"column":81},"end":{"line":9,"column":2}},"2":{"start":{"line":4,"column":13},"end":{"line":4,"column":28}}},"fnMap":{"0":{"name":"(anonymous_0)","decl":{"start":{"line":4,"column":28},"end":{"line":4,"column":29}},"loc":{"start":{"line":4,"column":81},"end":{"line":9,"column":2}}}},"branchMap":{},"s":{"0":4,"1":4,"2":4},"f":{"0":4},"b":{}}
,"/home/user/BeerFlow/backend/src/database/database.module.ts": {"path":"/home/user/BeerFlow/backend/src/database/database.module.ts","statementMap":{"0":{"start":{"line":1,"column":0},"end":{"line":1,"column":40}},"1":{"start":{"line":2,"column":0},"end":{"line":2,"column":48}},"2":{"start":{"line":3,"column":0},"end":{"line":3,"column":61}},"3":{"start":{"line":4,"column":0},"end":{"line":4,"column":62}},"4":{"start":{"line":15,"column":7},"end":{"line":15,"column":null}},"5":{"start":{"line":15,"column":13},"end":{"line":15,"column":27}},"6":{"start":{"line":15,"column":13},"end":{"line":15,"column":null}},"7":{"start":{"line":10,"column":52},"end":{"line":10,"column":84}}},"fnMap":{"0":{"name":"(anonymous_1)","decl":{"start":{"line":10,"column":18},"end":{"line":10,"column":19}},"loc":{"start":{"line":10,"column":52},"end":{"line":10,"column":84}}}},"branchMap":{},"s":{"0":0,"1":0,"2":0,"3":0,"4":0,"5":0,"6":0,"7":0},"f":{"0":0},"b":{}}
,"/home/user/BeerFlow/backend/src/database/entities/base.entity.ts": {"path":"/home/user/BeerFlow/backend/src/database/entities/base.entity.ts","statementMap":{"0":{"start":{"line":1,"column":0},"end":{"line":1,"column":null}},"1":{"start":{"line":7,"column":0},"end":{"line":7,"column":22}},"2":{"start":{"line":9,"column":2},"end":{"line":9,"column":null}},"3":{"start":{"line":12,"column":2},"end":{"line":12,"column":null}},"4":{"start":{"line":15,"column":2},"end":{"line":15,"column":null}}},"fnMap":{},"branchMap":{"0":{"loc":{"start":{"line":12,"column":14},"end":{"line":12,"column":19}},"type":"cond-expr","locations":[{"start":{"line":12,"column":18},"end":{"line":12,"column":19}},{"start":{"line":12,"column":18},"end":{"line":12,"column":19}}]},"1":{"loc":{"start":{"line":12,"column":14},"end":{"line":12,"column":18}},"type":"binary-expr","locations":[{"start":{"line":12,"column":14},"end":{"line":12,"column":19}},{"start":{"line":12,"column":14},"end":{"line":12,"column":18}}]},"2":{"loc":{"start":{"line":15,"column":14},"end":{"line":15,"column":19}},"type":"cond-expr","locations":[{"start":{"line":15,"column":18},"end":{"line":15,"column":19}},{"start":{"line":15,"column":18},"end":{"line":15,"column":19}}]},"3":{"loc":{"start":{"line":15,"column":14},"end":{"line":15,"column":18}},"type":"binary-expr","locations":[{"start":{"line":15,"column":14},"end":{"line":15,"column":19}},{"start":{"line":15,"column":14},"end":{"line":15,"column":18}}]}},"s":{"0":7,"1":7,"2":7,"3":7,"4":7},"f":{},"b":{"0":[7,0],"1":[7,7],"2":[7,0],"3":[7,7]}}
,"/home/user/BeerFlow/backend/src/database/entities/user.entity.ts": {"path":"/home/user/BeerFlow/backend/src/database/entities/user.entity.ts","statementMap":{"0":{"start":{"line":1,"column":0},"end":{"line":1,"column":64}},"1":{"start":{"line":2,"column":0},"end":{"line":2,"column":43}},"2":{"start":{"line":3,"column":0},"end":{"line":3,"column":39}},"3":{"start":{"line":4,"column":0},"end":{"line":4,"column":51}},"4":{"start":{"line":7,"column":7},"end":{"line":46,"column":null}},"5":{"start":{"line":7,"column":13},"end":{"line":7,"column":17}},"6":{"start":{"line":9,"column":2},"end":{"line":9,"column":null}},"7":{"start":{"line":12,"column":2},"end":{"line":12,"column":null}},"8":{"start":{"line":15,"column":2},"end":{"line":15,"column":null}},"9":{"start":{"line":18,"column":2},"end":{"line":18,"column":null}},"10":{"start":{"line":25,"column":2},"end":{"line":25,"column":null}},"11":{"start":{"line":28,"column":2},"end":{"line":28,"column":null}},"12":{"start":{"line":31,"column":2},"end":{"line":31,"column":null}},"13":{"start":{"line":34,"column":2},"end":{"line":34,"column":null}},"14":{"start":{"line":37,"column":2},"end":{"line":37,"column":null}},"15":{"start":{"line":40,"column":2},"end":{"line":40,"column":null}},"16":{"start":{"line":45,"column":2},"end":{"line":45,"column":null}},"17":{"start":{"line":43,"column":19},"end":{"line":43,"column":24}},"18":{"start":{"line":43,"column":35},"end":{"line":43,"column":46}},"19":{"start":{"line":7,"column":13},"end":{"line":46,"column":null}}},"fnMap":{"0":{"name":"(anonymous_2)","decl":{"start":{"line":43,"column":13},"end":{"line":43,"column":16}},"loc":{"start":{"line":43,"column":19},"end":{"line":43,"column":24}}},"1":{"name":"(anonymous_3)","decl":{"start":{"line":43,"column":26},"end":{"line":43,"column":31}},"loc":{"start":{"line":43,"column":35},"end":{"line":43,"column":46}}}},"branchMap":{"0":{"loc":{"start":{"line":25,"column":8},"end":{"line":25,"column":17}},"type":"cond-expr","locations":[{"start":{"line":25,"column":16},"end":{"line":25,"column":17}},{"start":{"line":25,"column":16},"end":{"line":25,"column":17}}]},"1":{"loc":{"start":{"line":25,"column":8},"end":{"line":25,"column":16}},"type":"binary-expr","locations":[{"start":{"line":25,"column":8},"end":{"line":25,"column":17}},{"start":{"line":25,"column":8},"end":{"line":25,"column":16}}]},"2":{"loc":{"start":{"line":34,"column":14},"end":{"line":34,"column":19}},"type":"cond-expr","locations":[{"start":{"line":34,"column":18},"end":{"line":34,"column":19}},{"start":{"line":34,"column":18},"end":{"line":34,"column":19}}]},"3":{"loc":{"start":{"line":34,"column":14},"end":{"line":34,"column":18}},"type":"binary-expr","locations":[{"start":{"line":34,"column":14},"end":{"line":34,"column":19}},{"start":{"line":34,"column":14},"end":{"line":34,"column":18}}]},"4":{"loc":{"start":{"line":40,"column":26},"end":{"line":40,"column":31}},"type":"cond-expr","locations":[{"start":{"line":40,"column":30},"end":{"line":40,"column":31}},{"start":{"line":40,"column":30},"end":{"line":40,"column":31}}]},"5":{"loc":{"start":{"line":40,"column":26},"end":{"line":40,"column":30}},"type":"binary-expr","locations":[{"start":{"line":40,"column":26},"end":{"line":40,"column":31}},{"start":{"line":40,"column":26},"end":{"line":40,"column":30}}]},"6":{"loc":{"start":{"line":45,"column":9},"end":{"line":45,"column":15}},"type":"cond-expr","locations":[{"start":{"line":45,"column":14},"end":{"line":45,"column":15}},{"start":{"line":45,"column":14},"end":{"line":45,"column":15}}]},"7":{"loc":{"start":{"line":45,"column":9},"end":{"line":45,"column":14}},"type":"binary-expr","locations":[{"start":{"line":45,"column":9},"end":{"line":45,"column":15}},{"start":{"line":45,"column":9},"end":{"line":45,"column":14}}]}},"s":{"0":7,"1":7,"2":7,"3":7,"4":7,"5":7,"6":7,"7":7,"8":7,"9":7,"10":7,"11":7,"12":7,"13":7,"14":7,"15":7,"16":7,"17":0,"18":0,"19":7},"f":{"0":0,"1":0},"b":{"0":[0,7],"1":[7,7],"2":[7,0],"3":[7,7],"4":[7,0],"5":[7,7],"6":[6,1],"7":[7,6]}}
,"/home/user/BeerFlow/backend/src/database/entities/venue.entity.ts": {"path":"/home/user/BeerFlow/backend/src/database/entities/venue.entity.ts","statementMap":{"0":{"start":{"line":1,"column":0},"end":{"line":1,"column":52}},"1":{"start":{"line":2,"column":0},"end":{"line":2,"column":43}},"2":{"start":{"line":3,"column":0},"end":{"line":3,"column":37}},"3":{"start":{"line":6,"column":7},"end":{"line":36,"column":null}},"4":{"start":{"line":6,"column":13},"end":{"line":6,"column":18}},"5":{"start":{"line":8,"column":2},"end":{"line":8,"column":null}},"6":{"start":{"line":11,"column":2},"end":{"line":11,"column":null}},"7":{"start":{"line":22,"column":2},"end":{"line":22,"column":null}},"8":{"start":{"line":25,"column":2},"end":{"line":25,"column":null}},"9":{"start":{"line":28,"column":2},"end":{"line":28,"column":null}},"10":{"start":{"line":31,"column":2},"end":{"line":31,"column":null}},"11":{"start":{"line":35,"column":2},"end":{"line":35,"column":null}},"12":{"start":{"line":34,"column":19},"end":{"line":34,"column":23}},"13":{"start":{"line":34,"column":33},"end":{"line":34,"column":43}},"14":{"start":{"line":6,"column":13},"end":{"line":36,"column":null}}},"fnMap":{"0":{"name":"(anonymous_2)","decl":{"start":{"line":34,"column":13},"end":{"line":34,"column":16}},"loc":{"start":{"line":34,"column":19},"end":{"line":34,"column":23}}},"1":{"name":"(anonymous_3)","decl":{"start":{"line":34,"column":25},"end":{"line":34,"column":29}},"loc":{"start":{"line":34,"column":33},"end":{"line":34,"column":43}}}},"branchMap":{"0":{"loc":{"start":{"line":22,"column":12},"end":{"line":22,"column":32}},"type":"cond-expr","locations":[{"start":{"line":22,"column":18},"end":{"line":22,"column":32}},{"start":{"line":22,"column":18},"end":{"line":22,"column":32}}]},"1":{"loc":{"start":{"line":22,"column":12},"end":{"line":22,"column":18}},"type":"binary-expr","locations":[{"start":{"line":22,"column":12},"end":{"line":22,"column":32}},{"start":{"line":22,"column":12},"end":{"line":22,"column":18}}]},"2":{"loc":{"start":{"line":28,"column":27},"end":{"line":28,"column":32}},"type":"cond-expr","locations":[{"start":{"line":28,"column":31},"end":{"line":28,"column":32}},{"start":{"line":28,"column":31},"end":{"line":28,"column":32}}]},"3":{"loc":{"start":{"line":28,"column":27},"end":{"line":28,"column":31}},"type":"binary-expr","locations":[{"start":{"line":28,"column":27},"end":{"line":28,"column":32}},{"start":{"line":28,"column":27},"end":{"line":28,"column":31}}]}},"s":{"0":7,"1":7,"2":7,"3":7,"4":7,"5":7,"6":7,"7":7,"8":7,"9":7,"10":7,"11":7,"12":0,"13":0,"14":7},"f":{"0":0,"1":0},"b":{"0":[0,7],"1":[7,0],"2":[7,0],"3":[7,7]}}
,"/home/user/BeerFlow/backend/src/database/enums/user-role.enum.ts": {"path":"/home/user/BeerFlow/backend/src/database/enums/user-role.enum.ts","statementMap":{"0":{"start":{"line":1,"column":0},"end":{"line":1,"column":null}},"1":{"start":{"line":2,"column":2},"end":{"line":2,"column":null}},"2":{"start":{"line":3,"column":2},"end":{"line":3,"column":null}},"3":{"start":{"line":4,"column":2},"end":{"line":4,"column":null}},"4":{"start":{"line":5,"column":2},"end":{"line":5,"column":null}},"5":{"start":{"line":6,"column":2},"end":{"line":6,"column":null}},"6":{"start":{"line":7,"column":2},"end":{"line":7,"column":null}}},"fnMap":{"0":{"name":"(anonymous_0)","decl":{"start":{"line":1,"column":0},"end":{"line":1,"column":12}},"loc":{"start":{"line":1,"column":20},"end":{"line":8,"column":1}}}},"branchMap":{"0":{"loc":{"start":{"line":1,"column":12},"end":{"line":1,"column":null}},"type":"binary-expr","locations":[{"start":{"line":1,"column":12},"end":{"line":1,"column":20}},{"start":{"line":1,"column":20},"end":{"line":1,"column":null}}]}},"s":{"0":7,"1":7,"2":7,"3":7,"4":7,"5":7,"6":7},"f":{"0":7},"b":{"0":[7,7]}}
,"/home/user/BeerFlow/backend/src/test/performance.util.ts": {"path":"/home/user/BeerFlow/backend/src/test/performance.util.ts","statementMap":{"0":{"start":{"line":9,"column":0},"end":{"line":9,"column":7}},"1":{"start":{"line":13,"column":26},"end":{"line":13,"column":28}},"2":{"start":{"line":14,"column":21},"end":{"line":14,"column":22}},"3":{"start":{"line":16,"column":2},"end":{"line":29,"column":3}},"4":{"start":{"line":16,"column":15},"end":{"line":16,"column":16}},"5":{"start":{"line":17,"column":22},"end":{"line":17,"column":32}},"6":{"start":{"line":19,"column":4},"end":{"line":25,"column":5}},"7":{"start":{"line":20,"column":6},"end":{"line":20,"column":27}},"8":{"start":{"line":21,"column":6},"end":{"line":21,"column":21}},"9":{"start":{"line":24,"column":6},"end":{"line":24,"column":15}},"10":{"start":{"line":27,"column":20},"end":{"line":27,"column":30}},"11":{"start":{"line":28,"column":4},"end":{"line":28,"column":36}},"12":{"start":{"line":31,"column":2},"end":{"line":33,"column":3}},"13":{"start":{"line":32,"column":4},"end":{"line":32,"column":52}},"14":{"start":{"line":35,"column":2},"end":{"line":41,"column":4}},"15":{"start":{"line":36,"column":40},"end":{"line":36,"column":45}}},"fnMap":{"0":{"name":"performanceTest","decl":{"start":{"line":9,"column":22},"end":{"line":9,"column":37}},"loc":{"start":{"line":11,"column":26},"end":{"line":42,"column":1}}},"1":{"name":"(anonymous_1)","decl":{"start":{"line":36,"column":30},"end":{"line":36,"column":31}},"loc":{"start":{"line":36,"column":40},"end":{"line":36,"column":45}}}},"branchMap":{"0":{"loc":{"start":{"line":11,"column":2},"end":{"line":11,"column":26}},"type":"default-arg","locations":[{"start":{"line":11,"column":23},"end":{"line":11,"column":26}}]},"1":{"loc":{"start":{"line":31,"column":2},"end":{"line":33,"column":3}},"type":"if","locations":[{"start":{"line":31,"column":2},"end":{"line":33,"column":3}},{"start":{},"end":{}}]}},"s":{"0":1,"1":0,"2":0,"3":0,"4":0,"5":0,"6":0,"7":0,"8":0,"9":0,"10":0,"11":0,"12":0,"13":0,"14":0,"15":0},"f":{"0":0,"1":0},"b":{"0":[0],"1":[0,0]}}
,"/home/user/BeerFlow/backend/src/test/test.module.ts": {"path":"/home/user/BeerFlow/backend/src/test/test.module.ts","statementMap":{"0":{"start":{"line":1,"column":0},"end":{"line":1,"column":40}},"1":{"start":{"line":2,"column":0},"end":{"line":2,"column":48}},"2":{"start":{"line":3,"column":0},"end":{"line":3,"column":46}},"3":{"start":{"line":4,"column":0},"end":{"line":4,"column":71}},"4":{"start":{"line":5,"column":0},"end":{"line":5,"column":49}},"5":{"start":{"line":6,"column":0},"end":{"line":6,"column":55}},"6":{"start":{"line":7,"column":0},"end":{"line":7,"column":52}},"7":{"start":{"line":21,"column":7},"end":{"line":21,"column":null}},"8":{"start":{"line":21,"column":13},"end":{"line":21,"column":23}},"9":{"start":{"line":21,"column":13},"end":{"line":21,"column":null}}},"fnMap":{},"branchMap":{},"s":{"0":4,"1":4,"2":4,"3":4,"4":4,"5":4,"6":4,"7":4,"8":4,"9":4},"f":{},"b":{}}
,"/home/user/BeerFlow/backend/src/users/users.controller.ts": {"path":"/home/user/BeerFlow/backend/src/users/users.controller.ts","statementMap":{"0":{"start":{"line":1,"column":0},"end":{"line":1,"column":null}},"1":{"start":{"line":12,"column":0},"end":{"line":12,"column":84}},"2":{"start":{"line":13,"column":0},"end":{"line":13,"column":47}},"3":{"start":{"line":14,"column":0},"end":{"line":14,"column":54}},"4":{"start":{"line":15,"column":0},"end":{"line":15,"column":54}},"5":{"start":{"line":16,"column":0},"end":{"line":16,"column":63}},"6":{"start":{"line":17,"column":0},"end":{"line":17,"column":58}},"7":{"start":{"line":18,"column":0},"end":{"line":18,"column":61}},"8":{"start":{"line":19,"column":0},"end":{"line":19,"column":60}},"9":{"start":{"line":25,"column":7},"end":{"line":81,"column":null}},"10":{"start":{"line":26,"column":31},"end":{"line":26,"column":45}},"11":{"start":{"line":34,"column":17},"end":{"line":34,"column":62}},"12":{"start":{"line":35,"column":41},"end":{"line":35,"column":45}},"13":{"start":{"line":36,"column":4},"end":{"line":36,"column":18}},"14":{"start":{"line":44,"column":18},"end":{"line":44,"column":51}},"15":{"start":{"line":45,"column":4},"end":{"line":48,"column":7}},"16":{"start":{"line":46,"column":43},"end":{"line":46,"column":47}},"17":{"start":{"line":47,"column":6},"end":{"line":47,"column":20}},"18":{"start":{"line":56,"column":17},"end":{"line":56,"column":52}},"19":{"start":{"line":57,"column":41},"end":{"line":57,"column":45}},"20":{"start":{"line":58,"column":4},"end":{"line":58,"column":18}},"21":{"start":{"line":69,"column":17},"end":{"line":69,"column":66}},"22":{"start":{"line":70,"column":41},"end":{"line":70,"column":45}},"23":{"start":{"line":71,"column":4},"end":{"line":71,"column":18}},"24":{"start":{"line":79,"column":4},"end":{"line":79,"column":40}},"25":{"start":{"line":25,"column":13},"end":{"line":25,"column":28}},"26":{"start":{"line":33,"column":8},"end":{"line":37,"column":null}},"27":{"start":{"line":43,"column":8},"end":{"line":49,"column":null}},"28":{"start":{"line":55,"column":8},"end":{"line":59,"column":null}},"29":{"start":{"line":65,"column":8},"end":{"line":72,"column":null}},"30":{"start":{"line":78,"column":2},"end":{"line":80,"column":null}},"31":{"start":{"line":25,"column":13},"end":{"line":81,"column":null}}},"fnMap":{"0":{"name":"(anonymous_4)","decl":{"start":{"line":26,"column":2},"end":{"line":26,"column":31}},"loc":{"start":{"line":26,"column":57},"end":{"line":26,"column":61}}},"1":{"name":"(anonymous_5)","decl":{"start":{"line":33,"column":8},"end":{"line":33,"column":14}},"loc":{"start":{"line":33,"column":51},"end":{"line":37,"column":3}}},"2":{"name":"(anonymous_6)","decl":{"start":{"line":43,"column":8},"end":{"line":43,"column":15}},"loc":{"start":{"line":43,"column":15},"end":{"line":49,"column":3}}},"3":{"name":"(anonymous_7)","decl":{"start":{"line":45,"column":21},"end":{"line":45,"column":25}},"loc":{"start":{"line":45,"column":28},"end":{"line":48,"column":5}}},"4":{"name":"(anonymous_8)","decl":{"start":{"line":55,"column":8},"end":{"line":55,"column":15}},"loc":{"start":{"line":55,"column":54},"end":{"line":59,"column":3}}},"5":{"name":"(anonymous_9)","decl":{"start":{"line":65,"column":8},"end":{"line":65,"column":14}},"loc":{"start":{"line":67,"column":40},"end":{"line":72,"column":3}}},"6":{"name":"(anonymous_10)","decl":{"start":{"line":78,"column":2},"end":{"line":78,"column":8}},"loc":{"start":{"line":78,"column":47},"end":{"line":80,"column":3}}}},"branchMap":{"0":{"loc":{"start":{"line":33,"column":38},"end":{"line":33,"column":null}},"type":"cond-expr","locations":[{"start":{"line":33,"column":51},"end":{"line":33,"column":null}},{"start":{"line":33,"column":51},"end":{"line":33,"column":null}}]},"1":{"loc":{"start":{"line":33,"column":38},"end":{"line":33,"column":51}},"type":"binary-expr","locations":[{"start":{"line":33,"column":38},"end":{"line":33,"column":null}},{"start":{"line":33,"column":38},"end":{"line":33,"column":51}}]},"2":{"loc":{"start":{"line":67,"column":27},"end":{"line":67,"column":null}},"type":"cond-expr","locations":[{"start":{"line":67,"column":40},"end":{"line":67,"column":null}},{"start":{"line":67,"column":40},"end":{"line":67,"column":null}}]},"3":{"loc":{"start":{"line":67,"column":27},"end":{"line":67,"column":40}},"type":"binary-expr","locations":[{"start":{"line":67,"column":27},"end":{"line":67,"column":null}},{"start":{"line":67,"column":27},"end":{"line":67,"column":40}}]},"4":{"loc":{"start":{"line":26,"column":45},"end":{"line":26,"column":60}},"type":"cond-expr","locations":[{"start":{"line":26,"column":57},"end":{"line":26,"column":60}},{"start":{"line":26,"column":57},"end":{"line":26,"column":60}}]},"5":{"loc":{"start":{"line":26,"column":45},"end":{"line":26,"column":57}},"type":"binary-expr","locations":[{"start":{"line":26,"column":45},"end":{"line":26,"column":60}},{"start":{"line":26,"column":45},"end":{"line":26,"column":57}}]}},"s":{"0":4,"1":4,"2":4,"3":4,"4":4,"5":4,"6":4,"7":4,"8":4,"9":4,"10":0,"11":0,"12":0,"13":0,"14":0,"15":0,"16":0,"17":0,"18":0,"19":0,"20":0,"21":0,"22":0,"23":0,"24":0,"25":4,"26":4,"27":4,"28":4,"29":4,"30":4,"31":4},"f":{"0":0,"1":0,"2":0,"3":0,"4":0,"5":0,"6":0},"b":{"0":[4,0],"1":[4,4],"2":[4,0],"3":[4,4],"4":[4,0],"5":[4,4]}}
,"/home/user/BeerFlow/backend/src/users/users.module.ts": {"path":"/home/user/BeerFlow/backend/src/users/users.module.ts","statementMap":{"0":{"start":{"line":1,"column":0},"end":{"line":1,"column":40}},"1":{"start":{"line":2,"column":0},"end":{"line":2,"column":48}},"2":{"start":{"line":3,"column":0},"end":{"line":3,"column":53}},"3":{"start":{"line":4,"column":0},"end":{"line":4,"column":47}},"4":{"start":{"line":5,"column":0},"end":{"line":5,"column":56}},"5":{"start":{"line":13,"column":7},"end":{"line":13,"column":null}},"6":{"start":{"line":13,"column":13},"end":{"line":13,"column":24}},"7":{"start":{"line":13,"column":13},"end":{"line":13,"column":null}}},"fnMap":{},"branchMap":{},"s":{"0":4,"1":4,"2":4,"3":4,"4":4,"5":4,"6":4,"7":4},"f":{},"b":{}}
,"/home/user/BeerFlow/backend/src/users/users.service.ts": {"path":"/home/user/BeerFlow/backend/src/users/users.service.ts","statementMap":{"0":{"start":{"line":1,"column":0},"end":{"line":1,"column":82}},"1":{"start":{"line":2,"column":0},"end":{"line":2,"column":51}},"2":{"start":{"line":3,"column":0},"end":{"line":3,"column":37}},"3":{"start":{"line":4,"column":0},"end":{"line":4,"column":56}},"4":{"start":{"line":7,"column":0},"end":{"line":7,"column":33}},"5":{"start":{"line":10,"column":7},"end":{"line":90,"column":null}},"6":{"start":{"line":13,"column":21},"end":{"line":13,"column":37}},"7":{"start":{"line":18,"column":25},"end":{"line":20,"column":6}},"8":{"start":{"line":22,"column":4},"end":{"line":24,"column":5}},"9":{"start":{"line":23,"column":6},"end":{"line":23,"column":73}},"10":{"start":{"line":27,"column":26},"end":{"line":27,"column":71}},"11":{"start":{"line":29,"column":38},"end":{"line":29,"column":51}},"12":{"start":{"line":30,"column":17},"end":{"line":33,"column":6}},"13":{"start":{"line":35,"column":4},"end":{"line":35,"column":48}},"14":{"start":{"line":39,"column":4},"end":{"line":43,"column":7}},"15":{"start":{"line":47,"column":17},"end":{"line":50,"column":6}},"16":{"start":{"line":52,"column":4},"end":{"line":54,"column":5}},"17":{"start":{"line":53,"column":6},"end":{"line":53,"column":66}},"18":{"start":{"line":56,"column":4},"end":{"line":56,"column":16}},"19":{"start":{"line":60,"column":4},"end":{"line":63,"column":7}},"20":{"start":{"line":67,"column":17},"end":{"line":67,"column":39}},"21":{"start":{"line":70,"column":4},"end":{"line":76,"column":5}},"22":{"start":{"line":71,"column":28},"end":{"line":71,"column":73}},"23":{"start":{"line":72,"column":40},"end":{"line":72,"column":53}},"24":{"start":{"line":73,"column":6},"end":{"line":73,"column":58}},"25":{"start":{"line":75,"column":6},"end":{"line":75,"column":41}},"26":{"start":{"line":78,"column":4},"end":{"line":78,"column":48}},"27":{"start":{"line":82,"column":17},"end":{"line":82,"column":39}},"28":{"start":{"line":83,"column":4},"end":{"line":83,"column":24}},"29":{"start":{"line":84,"column":4},"end":{"line":84,"column":41}},"30":{"start":{"line":88,"column":4},"end":{"line":88,"column":69}},"31":{"start":{"line":10,"column":13},"end":{"line":10,"column":25}},"32":{"start":{"line":10,"column":13},"end":{"line":90,"column":null}}},"fnMap":{"0":{"name":"(anonymous_13)","decl":{"start":{"line":11,"column":2},"end":{"line":11,"column":null}},"loc":{"start":{"line":13,"column":53},"end":{"line":14,"column":6}}},"1":{"name":"(anonymous_14)","decl":{"start":{"line":16,"column":2},"end":{"line":16,"column":7}},"loc":{"start":{"line":16,"column":43},"end":{"line":36,"column":3}}},"2":{"name":"(anonymous_15)","decl":{"start":{"line":38,"column":2},"end":{"line":38,"column":7}},"loc":{"start":{"line":38,"column":15},"end":{"line":44,"column":3}}},"3":{"name":"(anonymous_16)","decl":{"start":{"line":46,"column":2},"end":{"line":46,"column":7}},"loc":{"start":{"line":46,"column":26},"end":{"line":57,"column":3}}},"4":{"name":"(anonymous_17)","decl":{"start":{"line":59,"column":2},"end":{"line":59,"column":7}},"loc":{"start":{"line":59,"column":33},"end":{"line":64,"column":3}}},"5":{"name":"(anonymous_18)","decl":{"start":{"line":66,"column":2},"end":{"line":66,"column":7}},"loc":{"start":{"line":66,"column":55},"end":{"line":79,"column":3}}},"6":{"name":"(anonymous_19)","decl":{"start":{"line":81,"column":2},"end":{"line":81,"column":7}},"loc":{"start":{"line":81,"column":25},"end":{"line":85,"column":3}}},"7":{"name":"(anonymous_20)","decl":{"start":{"line":87,"column":2},"end":{"line":87,"column":7}},"loc":{"start":{"line":87,"column":34},"end":{"line":89,"column":3}}}},"branchMap":{"0":{"loc":{"start":{"line":22,"column":4},"end":{"line":24,"column":5}},"type":"if","locations":[{"start":{"line":22,"column":4},"end":{"line":24,"column":5}},{"start":{},"end":{}}]},"1":{"loc":{"start":{"line":52,"column":4},"end":{"line":54,"column":5}},"type":"if","locations":[{"start":{"line":52,"column":4},"end":{"line":54,"column":5}},{"start":{},"end":{}}]},"2":{"loc":{"start":{"line":70,"column":4},"end":{"line":76,"column":5}},"type":"if","locations":[{"start":{"line":70,"column":4},"end":{"line":76,"column":5}},{"start":{"line":74,"column":11},"end":{"line":76,"column":5}}]},"3":{"loc":{"start":{"line":13,"column":37},"end":{"line":13,"column":53}},"type":"cond-expr","locations":[{"start":{"line":13,"column":47},"end":{"line":13,"column":53}},{"start":{"line":13,"column":47},"end":{"line":13,"column":53}}]},"4":{"loc":{"start":{"line":13,"column":37},"end":{"line":13,"column":47}},"type":"binary-expr","locations":[{"start":{"line":13,"column":37},"end":{"line":13,"column":53}},{"start":{"line":13,"column":37},"end":{"line":13,"column":47}}]}},"s":{"0":6,"1":6,"2":6,"3":6,"4":6,"5":6,"6":10,"7":2,"8":2,"9":1,"10":1,"11":1,"12":1,"13":1,"14":1,"15":2,"16":2,"17":1,"18":1,"19":1,"20":2,"21":2,"22":1,"23":1,"24":1,"25":1,"26":2,"27":1,"28":1,"29":1,"30":1,"31":6,"32":6},"f":{"0":10,"1":2,"2":1,"3":2,"4":1,"5":2,"6":1,"7":1},"b":{"0":[1,1],"1":[1,1],"2":[1,1],"3":[6,0],"4":[6,6]}}
,"/home/user/BeerFlow/backend/src/users/dto/create-user.dto.ts": {"path":"/home/user/BeerFlow/backend/src/users/dto/create-user.dto.ts","statementMap":{"0":{"start":{"line":1,"column":0},"end":{"line":1,"column":67}},"1":{"start":{"line":2,"column":0},"end":{"line":2,"column":null}},"2":{"start":{"line":12,"column":0},"end":{"line":12,"column":63}},"3":{"start":{"line":14,"column":0},"end":{"line":14,"column":13}},"4":{"start":{"line":18,"column":2},"end":{"line":18,"column":null}},"5":{"start":{"line":23,"column":2},"end":{"line":23,"column":null}},"6":{"start":{"line":29,"column":2},"end":{"line":29,"column":null}},"7":{"start":{"line":34,"column":2},"end":{"line":34,"column":null}},"8":{"start":{"line":39,"column":2},"end":{"line":39,"column":null}},"9":{"start":{"line":45,"column":2},"end":{"line":45,"column":null}}},"fnMap":{},"branchMap":{"0":{"loc":{"start":{"line":39,"column":9},"end":{"line":39,"column":18}},"type":"cond-expr","locations":[{"start":{"line":39,"column":17},"end":{"line":39,"column":18}},{"start":{"line":39,"column":17},"end":{"line":39,"column":18}}]},"1":{"loc":{"start":{"line":39,"column":9},"end":{"line":39,"column":17}},"type":"binary-expr","locations":[{"start":{"line":39,"column":9},"end":{"line":39,"column":18}},{"start":{"line":39,"column":9},"end":{"line":39,"column":17}}]}},"s":{"0":4,"1":4,"2":4,"3":4,"4":4,"5":4,"6":4,"7":4,"8":4,"9":4},"f":{},"b":{"0":[0,4],"1":[4,4]}}
,"/home/user/BeerFlow/backend/src/users/dto/update-user.dto.ts": {"path":"/home/user/BeerFlow/backend/src/users/dto/update-user.dto.ts","statementMap":{"0":{"start":{"line":1,"column":0},"end":{"line":1,"column":46}},"1":{"start":{"line":2,"column":0},"end":{"line":2,"column":50}},"2":{"start":{"line":3,"column":0},"end":{"line":3,"column":66}},"3":{"start":{"line":4,"column":0},"end":{"line":4,"column":54}},"4":{"start":{"line":6,"column":0},"end":{"line":6,"column":13}},"5":{"start":{"line":11,"column":2},"end":{"line":11,"column":null}}},"fnMap":{},"branchMap":{},"s":{"0":4,"1":4,"2":4,"3":4,"4":4,"5":4},"f":{},"b":{}}
,"/home/user/BeerFlow/backend/src/venues/venues.controller.ts": {"path":"/home/user/BeerFlow/backend/src/venues/venues.controller.ts","statementMap":{"0":{"start":{"line":1,"column":0},"end":{"line":1,"column":null}},"1":{"start":{"line":12,"column":0},"end":{"line":12,"column":84}},"2":{"start":{"line":13,"column":0},"end":{"line":13,"column":49}},"3":{"start":{"line":14,"column":0},"end":{"line":14,"column":56}},"4":{"start":{"line":15,"column":0},"end":{"line":15,"column":56}},"5":{"start":{"line":16,"column":0},"end":{"line":16,"column":63}},"6":{"start":{"line":17,"column":0},"end":{"line":17,"column":58}},"7":{"start":{"line":18,"column":0},"end":{"line":18,"column":61}},"8":{"start":{"line":19,"column":0},"end":{"line":19,"column":60}},"9":{"start":{"line":25,"column":7},"end":{"line":70,"column":null}},"10":{"start":{"line":26,"column":31},"end":{"line":26,"column":46}},"11":{"start":{"line":33,"column":4},"end":{"line":33,"column":53}},"12":{"start":{"line":41,"column":4},"end":{"line":41,"column":40}},"13":{"start":{"line":49,"column":4},"end":{"line":49,"column":42}},"14":{"start":{"line":60,"column":4},"end":{"line":60,"column":57}},"15":{"start":{"line":68,"column":4},"end":{"line":68,"column":41}},"16":{"start":{"line":25,"column":13},"end":{"line":25,"column":29}},"17":{"start":{"line":32,"column":2},"end":{"line":34,"column":null}},"18":{"start":{"line":40,"column":2},"end":{"line":42,"column":null}},"19":{"start":{"line":48,"column":2},"end":{"line":50,"column":null}},"20":{"start":{"line":56,"column":2},"end":{"line":61,"column":null}},"21":{"start":{"line":67,"column":2},"end":{"line":69,"column":null}},"22":{"start":{"line":25,"column":13},"end":{"line":70,"column":null}}},"fnMap":{"0":{"name":"(anonymous_4)","decl":{"start":{"line":26,"column":2},"end":{"line":26,"column":31}},"loc":{"start":{"line":26,"column":59},"end":{"line":26,"column":63}}},"1":{"name":"(anonymous_5)","decl":{"start":{"line":32,"column":2},"end":{"line":32,"column":8}},"loc":{"start":{"line":32,"column":47},"end":{"line":34,"column":3}}},"2":{"name":"(anonymous_6)","decl":{"start":{"line":40,"column":2},"end":{"line":40,"column":9}},"loc":{"start":{"line":40,"column":9},"end":{"line":42,"column":3}}},"3":{"name":"(anonymous_7)","decl":{"start":{"line":48,"column":2},"end":{"line":48,"column":9}},"loc":{"start":{"line":48,"column":48},"end":{"line":50,"column":3}}},"4":{"name":"(anonymous_8)","decl":{"start":{"line":56,"column":2},"end":{"line":56,"column":8}},"loc":{"start":{"line":58,"column":42},"end":{"line":61,"column":3}}},"5":{"name":"(anonymous_9)","decl":{"start":{"line":67,"column":2},"end":{"line":67,"column":8}},"loc":{"start":{"line":67,"column":47},"end":{"line":69,"column":3}}}},"branchMap":{"0":{"loc":{"start":{"line":32,"column":33},"end":{"line":32,"column":null}},"type":"cond-expr","locations":[{"start":{"line":32,"column":47},"end":{"line":32,"column":null}},{"start":{"line":32,"column":47},"end":{"line":32,"column":null}}]},"1":{"loc":{"start":{"line":32,"column":33},"end":{"line":32,"column":47}},"type":"binary-expr","locations":[{"start":{"line":32,"column":33},"end":{"line":32,"column":null}},{"start":{"line":32,"column":33},"end":{"line":32,"column":47}}]},"2":{"loc":{"start":{"line":58,"column":28},"end":{"line":58,"column":null}},"type":"cond-expr","locations":[{"start":{"line":58,"column":42},"end":{"line":58,"column":null}},{"start":{"line":58,"column":42},"end":{"line":58,"column":null}}]},"3":{"loc":{"start":{"line":58,"column":28},"end":{"line":58,"column":42}},"type":"binary-expr","locations":[{"start":{"line":58,"column":28},"end":{"line":58,"column":null}},{"start":{"line":58,"column":28},"end":{"line":58,"column":42}}]},"4":{"loc":{"start":{"line":26,"column":46},"end":{"line":26,"column":62}},"type":"cond-expr","locations":[{"start":{"line":26,"column":59},"end":{"line":26,"column":62}},{"start":{"line":26,"column":59},"end":{"line":26,"column":62}}]},"5":{"loc":{"start":{"line":26,"column":46},"end":{"line":26,"column":59}},"type":"binary-expr","locations":[{"start":{"line":26,"column":46},"end":{"line":26,"column":62}},{"start":{"line":26,"column":46},"end":{"line":26,"column":59}}]}},"s":{"0":4,"1":4,"2":4,"3":4,"4":4,"5":4,"6":4,"7":4,"8":4,"9":4,"10":0,"11":0,"12":0,"13":0,"14":0,"15":0,"16":4,"17":4,"18":4,"19":4,"20":4,"21":4,"22":4},"f":{"0":0,"1":0,"2":0,"3":0,"4":0,"5":0},"b":{"0":[4,0],"1":[4,4],"2":[4,0],"3":[4,4],"4":[4,0],"5":[4,4]}}
,"/home/user/BeerFlow/backend/src/venues/venues.module.ts": {"path":"/home/user/BeerFlow/backend/src/venues/venues.module.ts","statementMap":{"0":{"start":{"line":1,"column":0},"end":{"line":1,"column":40}},"1":{"start":{"line":2,"column":0},"end":{"line":2,"column":48}},"2":{"start":{"line":3,"column":0},"end":{"line":3,"column":55}},"3":{"start":{"line":4,"column":0},"end":{"line":4,"column":49}},"4":{"start":{"line":5,"column":0},"end":{"line":5,"column":58}},"5":{"start":{"line":13,"column":7},"end":{"line":13,"column":null}},"6":{"start":{"line":13,"column":13},"end":{"line":13,"column":25}},"7":{"start":{"line":13,"column":13},"end":{"line":13,"column":null}}},"fnMap":{},"branchMap":{},"s":{"0":4,"1":4,"2":4,"3":4,"4":4,"5":4,"6":4,"7":4},"f":{},"b":{}}
,"/home/user/BeerFlow/backend/src/venues/venues.service.ts": {"path":"/home/user/BeerFlow/backend/src/venues/venues.service.ts","statementMap":{"0":{"start":{"line":1,"column":0},"end":{"line":1,"column":63}},"1":{"start":{"line":2,"column":0},"end":{"line":2,"column":51}},"2":{"start":{"line":3,"column":0},"end":{"line":3,"column":37}},"3":{"start":{"line":4,"column":0},"end":{"line":4,"column":58}},"4":{"start":{"line":9,"column":7},"end":{"line":50,"column":null}},"5":{"start":{"line":12,"column":21},"end":{"line":12,"column":38}},"6":{"start":{"line":16,"column":18},"end":{"line":16,"column":61}},"7":{"start":{"line":17,"column":4},"end":{"line":17,"column":50}},"8":{"start":{"line":21,"column":4},"end":{"line":24,"column":7}},"9":{"start":{"line":28,"column":18},"end":{"line":30,"column":6}},"10":{"start":{"line":32,"column":4},"end":{"line":34,"column":5}},"11":{"start":{"line":33,"column":6},"end":{"line":33,"column":67}},"12":{"start":{"line":36,"column":4},"end":{"line":36,"column":17}},"13":{"start":{"line":40,"column":18},"end":{"line":40,"column":40}},"14":{"start":{"line":41,"column":4},"end":{"line":41,"column":41}},"15":{"start":{"line":42,"column":4},"end":{"line":42,"column":50}},"16":{"start":{"line":46,"column":18},"end":{"line":46,"column":40}},"17":{"start":{"line":47,"column":4},"end":{"line":47,"column":25}},"18":{"start":{"line":48,"column":4},"end":{"line":48,"column":43}},"19":{"start":{"line":9,"column":13},"end":{"line":9,"column":26}},"20":{"start":{"line":9,"column":13},"end":{"line":50,"column":null}}},"fnMap":{"0":{"name":"(anonymous_4)","decl":{"start":{"line":10,"column":2},"end":{"line":10,"column":null}},"loc":{"start":{"line":12,"column":55},"end":{"line":13,"column":6}}},"1":{"name":"(anonymous_5)","decl":{"start":{"line":15,"column":2},"end":{"line":15,"column":7}},"loc":{"start":{"line":15,"column":45},"end":{"line":18,"column":3}}},"2":{"name":"(anonymous_6)","decl":{"start":{"line":20,"column":2},"end":{"line":20,"column":7}},"loc":{"start":{"line":20,"column":15},"end":{"line":25,"column":3}}},"3":{"name":"(anonymous_7)","decl":{"start":{"line":27,"column":2},"end":{"line":27,"column":7}},"loc":{"start":{"line":27,"column":26},"end":{"line":37,"column":3}}},"4":{"name":"(anonymous_8)","decl":{"start":{"line":39,"column":2},"end":{"line":39,"column":7}},"loc":{"start":{"line":39,"column":57},"end":{"line":43,"column":3}}},"5":{"name":"(anonymous_9)","decl":{"start":{"line":45,"column":2},"end":{"line":45,"column":7}},"loc":{"start":{"line":45,"column":25},"end":{"line":49,"column":3}}}},"branchMap":{"0":{"loc":{"start":{"line":32,"column":4},"end":{"line":34,"column":5}},"type":"if","locations":[{"start":{"line":32,"column":4},"end":{"line":34,"column":5}},{"start":{},"end":{}}]},"1":{"loc":{"start":{"line":12,"column":38},"end":{"line":12,"column":55}},"type":"cond-expr","locations":[{"start":{"line":12,"column":48},"end":{"line":12,"column":55}},{"start":{"line":12,"column":48},"end":{"line":12,"column":55}}]},"2":{"loc":{"start":{"line":12,"column":38},"end":{"line":12,"column":48}},"type":"binary-expr","locations":[{"start":{"line":12,"column":38},"end":{"line":12,"column":55}},{"start":{"line":12,"column":38},"end":{"line":12,"column":48}}]}},"s":{"0":5,"1":5,"2":5,"3":5,"4":5,"5":6,"6":1,"7":1,"8":1,"9":2,"10":2,"11":1,"12":1,"13":1,"14":1,"15":1,"16":1,"17":1,"18":1,"19":5,"20":5},"f":{"0":6,"1":1,"2":1,"3":2,"4":1,"5":1},"b":{"0":[1,1],"1":[5,0],"2":[5,5]}}
,"/home/user/BeerFlow/backend/src/venues/dto/create-venue.dto.ts": {"path":"/home/user/BeerFlow/backend/src/venues/dto/create-venue.dto.ts","statementMap":{"0":{"start":{"line":1,"column":0},"end":{"line":1,"column":67}},"1":{"start":{"line":2,"column":0},"end":{"line":2,"column":77}},"2":{"start":{"line":4,"column":0},"end":{"line":4,"column":13}},"3":{"start":{"line":8,"column":2},"end":{"line":8,"column":null}},"4":{"start":{"line":13,"column":2},"end":{"line":13,"column":null}},"5":{"start":{"line":24,"column":2},"end":{"line":24,"column":null}}},"fnMap":{},"branchMap":{"0":{"loc":{"start":{"line":24,"column":13},"end":{"line":24,"column":33}},"type":"cond-expr","locations":[{"start":{"line":24,"column":19},"end":{"line":24,"column":33}},{"start":{"line":24,"column":19},"end":{"line":24,"column":33}}]},"1":{"loc":{"start":{"line":24,"column":13},"end":{"line":24,"column":19}},"type":"binary-expr","locations":[{"start":{"line":24,"column":13},"end":{"line":24,"column":33}},{"start":{"line":24,"column":13},"end":{"line":24,"column":19}}]}},"s":{"0":4,"1":4,"2":4,"3":4,"4":4,"5":4},"f":{},"b":{"0":[0,4],"1":[4,0]}}
,"/home/user/BeerFlow/backend/src/venues/dto/update-venue.dto.ts": {"path":"/home/user/BeerFlow/backend/src/venues/dto/update-venue.dto.ts","statementMap":{"0":{"start":{"line":1,"column":0},"end":{"line":1,"column":46}},"1":{"start":{"line":2,"column":0},"end":{"line":2,"column":52}},"2":{"start":{"line":4,"column":0},"end":{"line":4,"column":13}}},"fnMap":{},"branchMap":{},"s":{"0":4,"1":4,"2":4},"f":{},"b":{}}
}
