TN:
SF:src/app.controller.ts
FN:6,(anonymous_2)
FN:9,(anonymous_3)
FNF:2
FNH:2
FNDA:1,(anonymous_2)
FNDA:1,(anonymous_3)
DA:1,1
DA:2,1
DA:5,1
DA:6,1
DA:9,1
DA:10,1
LF:6
LH:6
BRDA:6,0,0,1
BRDA:6,0,1,0
BRDA:6,1,0,1
BRDA:6,1,1,1
BRF:4
BRH:3
end_of_record
TN:
SF:src/app.module.ts
FNF:0
FNH:0
DA:1,0
DA:2,0
DA:3,0
DA:4,0
DA:5,0
DA:6,0
DA:20,0
LF:7
LH:0
BRF:0
BRH:0
end_of_record
TN:
SF:src/app.service.ts
FN:5,(anonymous_1)
FNF:1
FNH:1
FNDA:1,(anonymous_1)
DA:1,1
DA:4,1
DA:6,1
LF:3
LH:3
BRF:0
BRH:0
end_of_record
TN:
SF:src/main.ts
FN:7,bootstrap
FNF:1
FNH:0
FNDA:0,bootstrap
DA:1,0
DA:2,0
DA:3,0
DA:4,0
DA:5,0
DA:8,0
DA:9,0
DA:12,0
DA:21,0
DA:27,0
DA:30,0
DA:40,0
DA:41,0
DA:43,0
DA:44,0
DA:46,0
DA:47,0
DA:49,0
LF:18
LH:0
BRDA:43,0,0,0
BRDA:43,0,1,0
BRF:2
BRH:0
end_of_record
TN:
SF:src/auth/auth.controller.ts
FN:20,(anonymous_4)
FN:27,(anonymous_5)
FN:36,(anonymous_6)
FNF:3
FNH:0
FNDA:0,(anonymous_4)
FNDA:0,(anonymous_5)
FNDA:0,(anonymous_6)
DA:1,4
DA:9,4
DA:10,4
DA:11,4
DA:12,4
DA:13,4
DA:14,4
DA:15,4
DA:19,4
DA:20,0
DA:27,4
DA:28,0
DA:36,4
DA:37,0
DA:38,0
LF:15
LH:11
BRDA:27,0,0,4
BRDA:27,0,1,0
BRDA:27,1,0,4
BRDA:27,1,1,4
BRDA:36,2,0,4
BRDA:36,2,1,0
BRDA:36,3,0,4
BRDA:36,3,1,4
BRDA:20,4,0,4
BRDA:20,4,1,0
BRDA:20,5,0,4
BRDA:20,5,1,4
BRF:12
BRH:9
end_of_record
TN:
SF:src/auth/auth.module.ts
FN:17,(anonymous_1)
FNF:1
FNH:1
FNDA:4,(anonymous_1)
DA:1,4
DA:2,4
DA:3,4
DA:4,4
DA:5,4
DA:6,4
DA:7,4
DA:8,4
DA:9,4
DA:10,4
DA:17,4
DA:26,4
LF:12
LH:12
BRF:0
BRH:0
end_of_record
TN:
SF:src/auth/auth.service.ts
FN:30,(anonymous_11)
FN:35,(anonymous_12)
FN:47,(anonymous_13)
FN:72,(anonymous_14)
FNF:4
FNH:4
FNDA:8,(anonymous_11)
FNDA:4,(anonymous_12)
FNDA:1,(anonymous_13)
FNDA:3,(anonymous_14)
DA:1,5
DA:2,5
DA:3,5
DA:5,5
DA:29,5
DA:31,8
DA:32,8
DA:36,4
DA:38,4
DA:40,1
DA:41,1
DA:44,3
DA:48,1
DA:56,1
DA:58,1
DA:73,3
DA:75,3
DA:76,2
DA:79,1
LF:19
LH:19
BRDA:38,0,0,1
BRDA:38,0,1,3
BRDA:38,1,0,4
BRDA:38,1,1,3
BRDA:38,1,2,2
BRDA:75,2,0,2
BRDA:75,2,1,1
BRDA:75,3,0,3
BRDA:75,3,1,2
BRDA:31,4,0,5
BRDA:31,4,1,0
BRDA:31,5,0,5
BRDA:31,5,1,5
BRDA:31,6,0,5
BRDA:31,6,1,0
BRDA:31,7,0,5
BRDA:31,7,1,5
BRF:17
BRH:15
end_of_record
TN:
SF:src/auth/dto/login.dto.ts
FNF:0
FNH:0
DA:1,4
DA:2,4
DA:4,4
DA:8,4
DA:13,4
LF:5
LH:5
BRF:0
BRH:0
end_of_record
TN:
SF:src/auth/dto/register.dto.ts
FNF:0
FNH:0
DA:1,0
DA:2,0
DA:4,0
DA:8,0
DA:13,0
DA:19,0
DA:24,0
LF:7
LH:0
BRF:0
BRH:0
end_of_record
TN:
SF:src/auth/strategies/jwt.strategy.ts
FN:9,(anonymous_2)
FN:20,(anonymous_3)
FNF:2
FNH:0
FNDA:0,(anonymous_2)
FNDA:0,(anonymous_3)
DA:1,4
DA:2,4
DA:3,4
DA:4,4
DA:5,4
DA:8,4
DA:10,0
DA:11,0
DA:13,0
DA:21,0
DA:22,0
DA:23,0
DA:25,0
LF:13
LH:6
BRDA:16,0,0,0
BRDA:16,0,1,0
BRDA:10,1,0,4
BRDA:10,1,1,0
BRDA:10,2,0,4
BRDA:10,2,1,4
BRDA:10,3,0,4
BRDA:10,3,1,0
BRDA:10,4,0,4
BRDA:10,4,1,4
BRF:10
BRH:6
end_of_record
TN:
SF:src/auth/strategies/local.strategy.ts
FN:8,(anonymous_2)
FN:15,(anonymous_3)
FNF:2
FNH:0
FNDA:0,(anonymous_2)
FNDA:0,(anonymous_3)
DA:1,4
DA:2,4
DA:3,4
DA:4,4
DA:7,4
DA:8,0
DA:9,0
DA:16,0
DA:17,0
DA:18,0
DA:20,0
LF:11
LH:5
BRDA:17,0,0,0
BRDA:17,0,1,0
BRDA:8,1,0,4
BRDA:8,1,1,0
BRDA:8,2,0,4
BRDA:8,2,1,4
BRF:6
BRH:3
end_of_record
TN:
SF:src/common/decorators/current-user.decorator.ts
FN:4,(anonymous_0)
FNF:1
FNH:0
FNDA:0,(anonymous_0)
DA:1,4
DA:3,4
DA:5,0
DA:6,0
LF:4
LH:2
BRF:0
BRH:0
end_of_record
TN:
SF:src/common/decorators/roles.decorator.ts
FN:5,(anonymous_0)
FNF:1
FNH:1
FNDA:32,(anonymous_0)
DA:1,4
DA:4,4
DA:5,32
LF:3
LH:3
BRF:0
BRH:0
end_of_record
TN:
SF:src/common/guards/jwt-auth.guard.ts
FNF:0
FNH:0
DA:1,4
DA:2,4
DA:5,4
LF:3
LH:3
BRF:0
BRH:0
end_of_record
TN:
SF:src/common/guards/local-auth.guard.ts
FNF:0
FNH:0
DA:1,4
DA:2,4
DA:5,4
LF:3
LH:3
BRF:0
BRH:0
end_of_record
TN:
SF:src/common/guards/roles.guard.ts
FN:8,(anonymous_2)
FN:10,(anonymous_3)
FN:21,(anonymous_4)
FNF:3
FNH:0
FNDA:0,(anonymous_2)
FNDA:0,(anonymous_3)
FNDA:0,(anonymous_4)
DA:1,4
DA:2,4
DA:4,4
DA:7,4
DA:8,0
DA:11,0
DA:16,0
DA:17,0
DA:20,0
DA:21,0
LF:10
LH:4
BRDA:16,0,0,0
BRDA:16,0,1,0
BRDA:8,1,0,4
BRDA:8,1,1,0
BRDA:8,2,0,4
BRDA:8,2,1,4
BRF:6
BRH:3
end_of_record
TN:
SF:src/config/database-test.config.ts
FN:3,(anonymous_0)
FNF:1
FNH:1
FNDA:4,(anonymous_0)
DA:3,4
LF:1
LH:1
BRF:0
BRH:0
end_of_record
TN:
SF:src/config/database.config.ts
FN:4,(anonymous_0)
FNF:1
FNH:0
FNDA:0,(anonymous_0)
DA:4,0
LF:1
LH:0
BRDA:14,0,0,0
BRDA:14,0,1,0
BRF:2
BRH:0
end_of_record
TN:
SF:src/config/jwt.config.ts
FN:4,(anonymous_0)
FNF:1
FNH:1
FNDA:4,(anonymous_0)
DA:4,4
LF:1
LH:1
BRF:0
BRH:0
end_of_record
TN:
SF:src/database/database.module.ts
FN:10,(anonymous_1)
FNF:1
FNH:0
FNDA:0,(anonymous_1)
DA:1,0
DA:2,0
DA:3,0
DA:4,0
DA:10,0
DA:15,0
LF:6
LH:0
BRF:0
BRH:0
end_of_record
TN:
SF:src/database/entities/base.entity.ts
FNF:0
FNH:0
DA:1,7
DA:7,7
DA:9,7
DA:12,7
DA:15,7
LF:5
LH:5
BRDA:12,0,0,7
BRDA:12,0,1,0
BRDA:12,1,0,7
BRDA:12,1,1,7
BRDA:15,2,0,7
BRDA:15,2,1,0
BRDA:15,3,0,7
BRDA:15,3,1,7
BRF:8
BRH:6
end_of_record
TN:
SF:src/database/entities/user.entity.ts
FN:43,(anonymous_2)
FN:43,(anonymous_3)
FNF:2
FNH:0
FNDA:0,(anonymous_2)
FNDA:0,(anonymous_3)
DA:1,7
DA:2,7
DA:3,7
DA:4,7
DA:7,7
DA:9,7
DA:12,7
DA:15,7
DA:18,7
DA:25,7
DA:28,7
DA:31,7
DA:34,7
DA:37,7
DA:40,7
DA:43,0
DA:45,7
LF:17
LH:16
BRDA:25,0,0,0
BRDA:25,0,1,7
BRDA:25,1,0,7
BRDA:25,1,1,7
BRDA:34,2,0,7
BRDA:34,2,1,0
BRDA:34,3,0,7
BRDA:34,3,1,7
BRDA:40,4,0,7
BRDA:40,4,1,0
BRDA:40,5,0,7
BRDA:40,5,1,7
BRDA:45,6,0,6
BRDA:45,6,1,1
BRDA:45,7,0,7
BRDA:45,7,1,6
BRF:16
BRH:13
end_of_record
TN:
SF:src/database/entities/venue.entity.ts
FN:34,(anonymous_2)
FN:34,(anonymous_3)
FNF:2
FNH:0
FNDA:0,(anonymous_2)
FNDA:0,(anonymous_3)
DA:1,7
DA:2,7
DA:3,7
DA:6,7
DA:8,7
DA:11,7
DA:22,7
DA:25,7
DA:28,7
DA:31,7
DA:34,0
DA:35,7
LF:12
LH:11
BRDA:22,0,0,0
BRDA:22,0,1,7
BRDA:22,1,0,7
BRDA:22,1,1,0
BRDA:28,2,0,7
BRDA:28,2,1,0
BRDA:28,3,0,7
BRDA:28,3,1,7
BRF:8
BRH:5
end_of_record
TN:
SF:src/database/enums/user-role.enum.ts
FN:1,(anonymous_0)
FNF:1
FNH:1
FNDA:7,(anonymous_0)
DA:1,7
DA:2,7
DA:3,7
DA:4,7
DA:5,7
DA:6,7
DA:7,7
LF:7
LH:7
BRDA:1,0,0,7
BRDA:1,0,1,7
BRF:2
BRH:2
end_of_record
TN:
SF:src/test/performance.util.ts
FN:9,performanceTest
FN:36,(anonymous_1)
FNF:2
FNH:0
FNDA:0,performanceTest
FNDA:0,(anonymous_1)
DA:9,1
DA:13,0
DA:14,0
DA:16,0
DA:17,0
DA:19,0
DA:20,0
DA:21,0
DA:24,0
DA:27,0
DA:28,0
DA:31,0
DA:32,0
DA:35,0
DA:36,0
LF:15
LH:1
BRDA:11,0,0,0
BRDA:31,1,0,0
BRDA:31,1,1,0
BRF:3
BRH:0
end_of_record
TN:
SF:src/test/test.module.ts
FNF:0
FNH:0
DA:1,4
DA:2,4
DA:3,4
DA:4,4
DA:5,4
DA:6,4
DA:7,4
DA:21,4
LF:8
LH:8
BRF:0
BRH:0
end_of_record
TN:
SF:src/users/users.controller.ts
FN:26,(anonymous_4)
FN:33,(anonymous_5)
FN:43,(anonymous_6)
FN:45,(anonymous_7)
FN:55,(anonymous_8)
FN:65,(anonymous_9)
FN:78,(anonymous_10)
FNF:7
FNH:0
FNDA:0,(anonymous_4)
FNDA:0,(anonymous_5)
FNDA:0,(anonymous_6)
FNDA:0,(anonymous_7)
FNDA:0,(anonymous_8)
FNDA:0,(anonymous_9)
FNDA:0,(anonymous_10)
DA:1,4
DA:12,4
DA:13,4
DA:14,4
DA:15,4
DA:16,4
DA:17,4
DA:18,4
DA:19,4
DA:25,4
DA:26,0
DA:33,4
DA:34,0
DA:35,0
DA:36,0
DA:43,4
DA:44,0
DA:45,0
DA:46,0
DA:47,0
DA:55,4
DA:56,0
DA:57,0
DA:58,0
DA:65,4
DA:69,0
DA:70,0
DA:71,0
DA:78,4
DA:79,0
LF:30
LH:15
BRDA:33,0,0,4
BRDA:33,0,1,0
BRDA:33,1,0,4
BRDA:33,1,1,4
BRDA:67,2,0,4
BRDA:67,2,1,0
BRDA:67,3,0,4
BRDA:67,3,1,4
BRDA:26,4,0,4
BRDA:26,4,1,0
BRDA:26,5,0,4
BRDA:26,5,1,4
BRF:12
BRH:9
end_of_record
TN:
SF:src/users/users.module.ts
FNF:0
FNH:0
DA:1,4
DA:2,4
DA:3,4
DA:4,4
DA:5,4
DA:13,4
LF:6
LH:6
BRF:0
BRH:0
end_of_record
TN:
SF:src/users/users.service.ts
FN:11,(anonymous_13)
FN:16,(anonymous_14)
FN:38,(anonymous_15)
FN:46,(anonymous_16)
FN:59,(anonymous_17)
FN:66,(anonymous_18)
FN:81,(anonymous_19)
FN:87,(anonymous_20)
FNF:8
FNH:8
FNDA:10,(anonymous_13)
FNDA:2,(anonymous_14)
FNDA:1,(anonymous_15)
FNDA:2,(anonymous_16)
FNDA:1,(anonymous_17)
FNDA:2,(anonymous_18)
FNDA:1,(anonymous_19)
FNDA:1,(anonymous_20)
DA:1,6
DA:2,6
DA:3,6
DA:4,6
DA:7,6
DA:10,6
DA:13,10
DA:18,2
DA:22,2
DA:23,1
DA:27,1
DA:29,1
DA:30,1
DA:35,1
DA:39,1
DA:47,2
DA:52,2
DA:53,1
DA:56,1
DA:60,1
DA:67,2
DA:70,2
DA:71,1
DA:72,1
DA:73,1
DA:75,1
DA:78,2
DA:82,1
DA:83,1
DA:84,1
DA:88,1
LF:31
LH:31
BRDA:22,0,0,1
BRDA:22,0,1,1
BRDA:52,1,0,1
BRDA:52,1,1,1
BRDA:70,2,0,1
BRDA:70,2,1,1
BRDA:13,3,0,6
BRDA:13,3,1,0
BRDA:13,4,0,6
BRDA:13,4,1,6
BRF:10
BRH:9
end_of_record
TN:
SF:src/users/dto/create-user.dto.ts
FNF:0
FNH:0
DA:1,4
DA:2,4
DA:12,4
DA:14,4
DA:18,4
DA:23,4
DA:29,4
DA:34,4
DA:39,4
DA:45,4
LF:10
LH:10
BRDA:39,0,0,0
BRDA:39,0,1,4
BRDA:39,1,0,4
BRDA:39,1,1,4
BRF:4
BRH:3
end_of_record
TN:
SF:src/users/dto/update-user.dto.ts
FNF:0
FNH:0
DA:1,4
DA:2,4
DA:3,4
DA:4,4
DA:6,4
DA:11,4
LF:6
LH:6
BRF:0
BRH:0
end_of_record
TN:
SF:src/venues/venues.controller.ts
FN:26,(anonymous_4)
FN:32,(anonymous_5)
FN:40,(anonymous_6)
FN:48,(anonymous_7)
FN:56,(anonymous_8)
FN:67,(anonymous_9)
FNF:6
FNH:0
FNDA:0,(anonymous_4)
FNDA:0,(anonymous_5)
FNDA:0,(anonymous_6)
FNDA:0,(anonymous_7)
FNDA:0,(anonymous_8)
FNDA:0,(anonymous_9)
DA:1,4
DA:12,4
DA:13,4
DA:14,4
DA:15,4
DA:16,4
DA:17,4
DA:18,4
DA:19,4
DA:25,4
DA:26,0
DA:32,4
DA:33,0
DA:40,4
DA:41,0
DA:48,4
DA:49,0
DA:56,4
DA:60,0
DA:67,4
DA:68,0
LF:21
LH:15
BRDA:32,0,0,4
BRDA:32,0,1,0
BRDA:32,1,0,4
BRDA:32,1,1,4
BRDA:58,2,0,4
BRDA:58,2,1,0
BRDA:58,3,0,4
BRDA:58,3,1,4
BRDA:26,4,0,4
BRDA:26,4,1,0
BRDA:26,5,0,4
BRDA:26,5,1,4
BRF:12
BRH:9
end_of_record
TN:
SF:src/venues/venues.module.ts
FNF:0
FNH:0
DA:1,4
DA:2,4
DA:3,4
DA:4,4
DA:5,4
DA:13,4
LF:6
LH:6
BRF:0
BRH:0
end_of_record
TN:
SF:src/venues/venues.service.ts
FN:10,(anonymous_4)
FN:15,(anonymous_5)
FN:20,(anonymous_6)
FN:27,(anonymous_7)
FN:39,(anonymous_8)
FN:45,(anonymous_9)
FNF:6
FNH:6
FNDA:6,(anonymous_4)
FNDA:1,(anonymous_5)
FNDA:1,(anonymous_6)
FNDA:2,(anonymous_7)
FNDA:1,(anonymous_8)
FNDA:1,(anonymous_9)
DA:1,5
DA:2,5
DA:3,5
DA:4,5
DA:9,5
DA:12,6
DA:16,1
DA:17,1
DA:21,1
DA:28,2
DA:32,2
DA:33,1
DA:36,1
DA:40,1
DA:41,1
DA:42,1
DA:46,1
DA:47,1
DA:48,1
LF:19
LH:19
BRDA:32,0,0,1
BRDA:32,0,1,1
BRDA:12,1,0,5
BRDA:12,1,1,0
BRDA:12,2,0,5
BRDA:12,2,1,5
BRF:6
BRH:5
end_of_record
TN:
SF:src/venues/dto/create-venue.dto.ts
FNF:0
FNH:0
DA:1,4
DA:2,4
DA:4,4
DA:8,4
DA:13,4
DA:24,4
LF:6
LH:6
BRDA:24,0,0,0
BRDA:24,0,1,4
BRDA:24,1,0,4
BRDA:24,1,1,0
BRF:4
BRH:2
end_of_record
TN:
SF:src/venues/dto/update-venue.dto.ts
FNF:0
FNH:0
DA:1,4
DA:2,4
DA:4,4
LF:3
LH:3
BRF:0
BRH:0
end_of_record
